[debug] [2023-03-18T22:17:01.662Z] ----------------------------------------------------------------------
[debug] [2023-03-18T22:17:01.666Z] Command:       C:\Program Files\nodejs\node.exe C:\Users\Nathanel\AppData\Roaming\npm\node_modules\firebase-tools\lib\bin\firebase.js init
[debug] [2023-03-18T22:17:01.667Z] CLI Version:   11.24.1
[debug] [2023-03-18T22:17:01.668Z] Platform:      win32
[debug] [2023-03-18T22:17:01.668Z] Node Version:  v18.12.1
[debug] [2023-03-18T22:17:01.669Z] Time:          Sat Mar 18 2023 23:17:01 GMT+0100 (heure normale d’Europe centrale)
[debug] [2023-03-18T22:17:01.670Z] ----------------------------------------------------------------------
[debug] 
[debug] [2023-03-18T22:17:01.776Z] > command requires scopes: ["email","openid","https://www.googleapis.com/auth/cloudplatformprojects.readonly","https://www.googleapis.com/auth/firebase","https://www.googleapis.com/auth/cloud-platform"]
[debug] [2023-03-18T22:17:01.777Z] > authorizing via signed-in user (cascianonathan68@gmail.com)
[info] 
     ######## #### ########  ######## ########     ###     ######  ########
     ##        ##  ##     ## ##       ##     ##  ##   ##  ##       ##
     ######    ##  ########  ######   ########  #########  ######  ######
     ##        ##  ##    ##  ##       ##     ## ##     ##       ## ##
     ##       #### ##     ## ######## ########  ##     ##  ######  ########

You're about to initialize a Firebase project in this directory:

  C:\Users\Nathanel\Documents\React-Netfix\my-app

Before we get started, keep in mind:

  * You are initializing within an existing Firebase project directory

[info] 
=== Project Setup
[info] 
[info] First, let's associate this project directory with a Firebase project.
[info] You can create multiple project aliases by running firebase use --add, 
[info] but for now we'll just set up a default project.
[info] 
[debug] [2023-03-18T22:18:30.040Z] Using project from CLI flag: react-netflix-588f7
[debug] [2023-03-18T22:18:30.045Z] >>> [apiv2][query] GET https://firebase.googleapis.com/v1beta1/projects/react-netflix-588f7 [none]
[debug] [2023-03-18T22:18:30.665Z] <<< [apiv2][status] GET https://firebase.googleapis.com/v1beta1/projects/react-netflix-588f7 403
[debug] [2023-03-18T22:18:30.666Z] <<< [apiv2][body] GET https://firebase.googleapis.com/v1beta1/projects/react-netflix-588f7 {"error":{"code":403,"message":"The caller does not have permission","status":"PERMISSION_DENIED"}}
[debug] [2023-03-18T22:18:30.667Z] HTTP Error: 403, The caller does not have permission
[debug] [2023-03-18T22:18:30.746Z] FirebaseError: HTTP Error: 403, The caller does not have permission
    at responseToError (C:\Users\Nathanel\AppData\Roaming\npm\node_modules\firebase-tools\lib\responseToError.js:49:12)
    at RetryOperation._fn (C:\Users\Nathanel\AppData\Roaming\npm\node_modules\firebase-tools\lib\apiv2.js:288:77)
    at process.processTicksAndRejections (node:internal/process/task_queues:95:5)
[error] 
[error] Error: Failed to get Firebase project react-netflix-588f7. Please make sure the project exists and your account has permission to access it.
